
(xfce4-session:268): libxfce4util-WARNING **: 23:11:21.558: Failed to get a systemd proxy: Could not connect: No such file or directory
** Message: 23:11:21.563: Failed to fetch _NET_NUMBER_OF_DESKTOPS; assuming 1
** Message: 23:11:21.563: Failed to get _NET_WORKAREA; using full screen dimensions
** Message: 23:11:21.563: Failed to fetch _NET_CURRENT_DESKTOP; assuming 0
** Message: 23:11:21.563: Failed to fetch _NET_CURRENT_DESKTOP; assuming 0
_IceTransmkdir: ERROR: euid != 0,directory /tmp/.ICE-unix will not be created.
gpg-agent[324]: directory '/home/daytona/.gnupg' created
gpg-agent[324]: directory '/home/daytona/.gnupg/private-keys-v1.d' created
gpg-agent[331]: gpg-agent (GnuPG) 2.4.7 started
** Message: 23:11:22.290: Failed to fetch _NET_CURRENT_DESKTOP; assuming 0

(xfwm4:332): xfwm4-WARNING **: 23:11:22.711: Another compositing manager is running on screen 0
** Message: 23:11:23.297: Unable to migrate old setting /backdrop/screen0/monitor1/last-single-image; monitor 1 is not currently attached
** Message: 23:11:23.297: Unable to migrate old setting /backdrop/screen0/monitor1/color2; monitor 1 is not currently attached
** Message: 23:11:23.297: Unable to migrate old setting /backdrop/screen0/monitor1/brightness; monitor 1 is not currently attached
** Message: 23:11:23.298: Unable to migrate /backdrop/screen0/monitor0/color1 to RGBA as it contains invalid data
** Message: 23:11:23.298: Unable to migrate old setting /backdrop/screen0/monitor1/last-image; monitor 1 is not currently attached
** Message: 23:11:23.298: Unable to migrate old setting /backdrop/screen0/monitor1/image-path; monitor 1 is not currently attached
** Message: 23:11:23.299: Unable to migrate old setting /backdrop/screen0/monitor1/image-show; monitor 1 is not currently attached
** Message: 23:11:23.300: Unable to migrate old setting /backdrop/screen0/monitor1/color1; monitor 1 is not currently attached
** Message: 23:11:23.300: Unable to migrate old setting /backdrop/screen0/monitor1/color-style; monitor 1 is not currently attached
** Message: 23:11:23.300: Unable to migrate /backdrop/screen0/monitor0/color2 to RGBA as it contains invalid data

** (light-locker:395): ERROR **: 23:11:23.366: session_id is not set, is /proc mounted with hidepid>0?
Connection failure: Connection refused
pa_context_connect() failed: Connection refused

(polkit-mate-authentication-agent-1:396): polkit-mate-1-WARNING **: 23:11:23.454: Error getting authority: Error initializing authority: Could not connect: No such file or directory

** (xiccd:415): CRITICAL **: 23:11:23.465: Failed to connect to colord: Could not connect: No such file or directory
system-config-printer-applet: failed to connect to system D-Bus

(xfdesktop:391): GVFS-RemoteVolumeMonitor-WARNING **: 23:11:23.859: remote volume monitor with dbus name org.gtk.vfs.UDisks2VolumeMonitor is not supported
Xlib:  extension "DPMS" missing on display ":0".

(xfce4-session:268): xfce4-session-WARNING **: 23:11:24.160: failed to run script: Failed to execute child process “/usr/bin/pm-is-supported” (No such file or directory)

(xfce4-session:268): xfce4-session-WARNING **: 23:11:24.164: failed to run script: Failed to execute child process “/usr/bin/pm-is-supported” (No such file or directory)

(xfce4-session:268): xfce4-session-WARNING **: 23:11:24.168: failed to run script: Failed to execute child process “/usr/bin/pm-is-supported” (No such file or directory)

** (xfdesktop:391): WARNING **: 23:11:24.295: Failed to get system bus: Could not connect: No such file or directory
